<?xml version="1.0" encoding="UTF-8"?>
<testsuite name="guru.qa.ZipSimpleTest" tests="1" skipped="0" failures="0" errors="0" timestamp="2022-05-06T12:00:53" hostname="DESKTOP-SHH3A2P" time="1.813">
  <properties/>
  <testcase name="zipReadTest()" classname="guru.qa.ZipSimpleTest" time="1.813"/>
  <system-out><![CDATA[]]></system-out>
  <system-err><![CDATA[]]></system-err>
</testsuite>
